TN:
SF:/home/vardy/dev/tod/src/config.rs
FN:30,new
FN:44,create
FN:53,save
FN:69,load
FN:77,{closure#0}
FN:80,set_path
FN:87,add_project
FN:94,remove_project
FN:101,set_next_id
FN:110,clear_next_id
FN:116,check_for_latest_version
FN:146,check_for_timezone
FN:152,{closure#0}
FN:170,get_or_create
FN:183,{closure#0}
FN:209,path_exists
FN:213,generate_path
FN:217,{closure#0}
FN:219,{closure#1}
FN:224,generate_legacy_path
FN:228,{closure#0}
FN:230,{closure#1}
FN:235,get_input
FN:242,select_input
FNF:24
FNDA:2,new
FNDA:2,create
FNDA:1,save
FNDA:1,load
FNDA:1,{closure#0}
FNDA:0,set_path
FNDA:1,add_project
FNDA:1,remove_project
FNDA:1,set_next_id
FNDA:1,clear_next_id
FNDA:1,check_for_latest_version
FNDA:1,check_for_timezone
FNDA:2,{closure#0}
FNDA:1,get_or_create
FNDA:1,{closure#0}
FNDA:1,path_exists
FNDA:11,generate_path
FNDA:0,{closure#0}
FNDA:0,{closure#1}
FNDA:1,generate_legacy_path
FNDA:0,{closure#0}
FNDA:0,{closure#1}
FNDA:1,get_input
FNDA:1,select_input
DA:30,2
DA:31,1
DA:32,1
DA:33,3
DA:34,2
DA:35,1
DA:36,1
DA:37,1
DA:39,2
DA:40,1
DA:44,2
DA:45,4
DA:46,2
DA:47,4
DA:48,1
DA:49,3
DA:50,1
DA:53,1
DA:54,2
DA:55,2
DA:57,12
DA:61,2
DA:62,2
DA:63,2
DA:64,4
DA:66,2
DA:69,1
DA:70,1
DA:72,3
DA:73,1
DA:75,1
DA:77,1
DA:80,0
DA:82,0
DA:87,1
DA:88,1
DA:89,1
DA:94,1
DA:95,1
DA:96,1
DA:101,1
DA:102,1
DA:110,1
DA:111,1
DA:116,1
DA:117,2
DA:119,1
DA:123,2
DA:124,1
DA:125,0
DA:126,0
DA:130,0
DA:132,0
DA:135,2
DA:137,1
DA:143,1
DA:146,1
DA:147,3
DA:148,1
DA:149,2
DA:152,2
DA:155,1
DA:157,1
DA:161,2
DA:163,1
DA:165,0
DA:170,1
DA:171,1
DA:172,2
DA:173,0
DA:175,1
DA:177,3
DA:180,1
DA:181,2
DA:182,1
DA:183,1
DA:187,2
DA:189,3
DA:194,3
DA:195,0
DA:196,0
DA:197,0
DA:199,1
DA:203,2
DA:204,3
DA:209,1
DA:210,1
DA:213,11
DA:214,11
DA:216,14
DA:217,0
DA:219,0
DA:221,12
DA:224,1
DA:225,1
DA:227,2
DA:228,0
DA:230,0
DA:232,1
DA:235,1
DA:237,1
DA:242,1
DA:244,2
LF:103
LH:88
end_of_record
TN:
SF:/home/vardy/dev/tod/src/items.rs
FN:52,fmt
FN:97,value
FN:105,date_value
FN:134,datetime
FN:141,priority_value
FN:151,datetimeinfo
FN:180,has_no_date
FN:185,is_today
FN:196,is_overdue
FN:208,has_time
FN:216,json_to_items
FN:224,json_to_item
FN:231,sort_by_value
FN:236,sort_by_datetime
FN:241,filter_not_in_future
FN:250,filter_today_and_has_time
FN:257,set_priority
FNF:17
FNDA:1,fmt
FNDA:1,value
FNDA:2,date_value
FNDA:1,datetime
FNDA:1,priority_value
FNDA:6,datetimeinfo
FNDA:1,has_no_date
FNDA:1,is_today
FNDA:1,is_overdue
FNDA:1,has_time
FNDA:1,json_to_items
FNDA:1,json_to_item
FNDA:1,sort_by_value
FNDA:1,sort_by_datetime
FNDA:1,filter_not_in_future
FNDA:1,filter_today_and_has_time
FNDA:0,set_priority
DA:52,1
DA:53,1
DA:54,0
DA:55,1
DA:56,0
DA:57,0
DA:60,1
DA:61,2
DA:62,2
DA:65,1
DA:66,3
DA:67,0
DA:69,4
DA:70,2
DA:71,4
DA:72,2
DA:74,4
DA:76,1
DA:80,1
DA:81,1
DA:83,3
DA:85,0
DA:86,0
DA:89,2
DA:90,3
DA:91,2
DA:93,4
DA:97,1
DA:98,1
DA:99,1
DA:101,2
DA:105,2
DA:106,2
DA:107,1
DA:108,1
DA:109,3
DA:110,1
DA:112,1
DA:114,1
DA:115,1
DA:116,1
DA:118,1
DA:122,2
DA:123,1
DA:124,1
DA:125,1
DA:126,1
DA:129,0
DA:134,1
DA:135,1
DA:136,1
DA:137,1
DA:141,1
DA:142,1
DA:143,0
DA:144,1
DA:145,0
DA:146,0
DA:151,6
DA:152,12
DA:153,3
DA:154,0
DA:155,1
DA:156,0
DA:157,3
DA:163,6
DA:164,3
DA:165,15
DA:168,12
DA:171,2
DA:174,4
DA:180,1
DA:181,1
DA:185,1
DA:186,1
DA:187,1
DA:188,2
DA:189,1
DA:190,2
DA:192,0
DA:196,1
DA:197,2
DA:198,1
DA:199,2
DA:200,0
DA:201,0
DA:203,0
DA:208,1
DA:209,2
DA:210,3
DA:216,1
DA:217,2
DA:218,1
DA:219,4
DA:220,1
DA:224,1
DA:225,2
DA:226,1
DA:227,1
DA:231,1
DA:232,4
DA:233,1
DA:236,1
DA:237,4
DA:238,1
DA:241,1
DA:242,2
DA:244,3
DA:247,1
DA:250,1
DA:251,2
DA:253,3
DA:257,0
DA:258,0
DA:260,0
DA:261,0
DA:265,0
DA:266,0
DA:267,0
DA:268,0
DA:270,0
DA:271,0
DA:272,0
DA:274,0
DA:275,0
DA:276,0
DA:278,0
LF:127
LH:96
end_of_record
TN:
SF:/home/vardy/dev/tod/src/main.rs
FN:69,cmd
FNF:1
FNDA:1,cmd
DA:69,1
DA:70,4
DA:76,2
DA:78,4
DA:83,1
DA:84,2
DA:89,1
DA:90,3
DA:93,1
DA:94,1
DA:95,5
DA:96,2
DA:97,2
DA:98,2
DA:99,5
DA:100,2
DA:101,2
DA:102,2
DA:103,4
DA:104,2
DA:105,2
DA:106,3
DA:107,2
DA:109,3
DA:112,1
DA:113,1
DA:114,3
DA:115,2
DA:116,5
DA:117,2
DA:118,2
DA:119,2
DA:120,4
DA:121,2
DA:122,2
DA:123,4
DA:124,2
DA:125,2
DA:126,4
DA:127,2
DA:128,2
DA:129,4
DA:130,2
DA:131,2
DA:132,4
DA:133,2
DA:134,2
LF:47
LH:47
end_of_record
TN:
SF:/home/vardy/dev/tod/src/projects.rs
FN:9,list
FN:26,add
FN:33,remove
FN:37,project_id
FN:50,next_item
FN:61,fetch_next_item
FN:71,next_item_interactive
FN:89,handle_item
FN:92,{closure#0}
FN:108,scheduled_items
FN:129,all_items
FN:145,empty
FN:166,prioritize_items
FN:173,{closure#0}
FN:191,schedule
FN:222,move_item_to_project
FN:228,{closure#0}
FN:262,add_item_to_project
FN:278,green_string
FNF:19
FNDA:1,list
FNDA:1,add
FNDA:1,remove
FNDA:1,project_id
FNDA:1,next_item
FNDA:1,fetch_next_item
FNDA:0,next_item_interactive
FNDA:0,handle_item
FNDA:0,{closure#0}
FNDA:1,scheduled_items
FNDA:1,all_items
FNDA:0,empty
FNDA:0,prioritize_items
FNDA:0,{closure#0}
FNDA:0,schedule
FNDA:0,move_item_to_project
FNDA:0,{closure#0}
FNDA:0,add_item_to_project
FNDA:1,green_string
DA:9,1
DA:10,4
DA:11,2
DA:12,0
DA:14,2
DA:15,1
DA:16,2
DA:18,1
DA:19,1
DA:20,1
DA:22,1
DA:26,1
DA:27,2
DA:29,2
DA:33,1
DA:34,1
DA:37,1
DA:38,5
DA:41,1
DA:46,1
DA:50,1
DA:51,2
DA:52,1
DA:53,2
DA:54,1
DA:56,0
DA:57,0
DA:61,1
DA:62,2
DA:63,2
DA:64,2
DA:65,1
DA:67,4
DA:71,0
DA:72,0
DA:73,0
DA:74,0
DA:75,0
DA:76,0
DA:77,0
DA:78,0
DA:80,0
DA:81,0
DA:84,0
DA:85,0
DA:89,0
DA:90,0
DA:92,0
DA:94,0
DA:95,0
DA:96,0
DA:97,0
DA:98,0
DA:100,0
DA:103,0
DA:108,1
DA:109,2
DA:111,2
DA:112,2
DA:114,2
DA:115,0
DA:118,1
DA:119,3
DA:121,1
DA:122,1
DA:123,1
DA:125,1
DA:129,1
DA:130,1
DA:132,2
DA:134,1
DA:135,3
DA:137,1
DA:138,1
DA:139,1
DA:141,1
DA:145,0
DA:146,0
DA:148,0
DA:150,0
DA:151,0
DA:155,0
DA:156,0
DA:157,0
DA:159,0
DA:166,0
DA:167,0
DA:169,0
DA:171,0
DA:173,0
DA:176,0
DA:177,0
DA:181,0
DA:182,0
DA:184,0
DA:191,0
DA:192,0
DA:194,0
DA:196,0
DA:198,0
DA:201,0
DA:202,0
DA:206,0
DA:207,0
DA:208,0
DA:209,0
DA:210,0
DA:211,0
DA:212,0
DA:214,0
DA:217,0
DA:222,0
DA:223,0
DA:225,0
DA:228,0
DA:231,0
DA:232,0
DA:234,0
DA:237,0
DA:238,0
DA:239,0
DA:240,0
DA:243,0
DA:244,0
DA:245,0
DA:246,0
DA:247,0
DA:249,0
DA:250,0
DA:252,0
DA:255,0
DA:262,0
DA:267,0
DA:270,0
DA:272,0
DA:273,0
DA:278,1
DA:279,2
LF:138
LH:52
end_of_record
TN:
SF:/home/vardy/dev/tod/src/request.rs
FN:46,add_item_to_inbox
FN:55,items_for_project
FN:62,sections_for_project
FN:69,move_item_to_project
FN:82,move_item_to_section
FN:95,update_item_priority
FN:105,update_item_due
FN:114,complete_item
FN:129,post_todoist_sync
FN:164,post_todoist_rest
FN:201,get_todoist_rest
FN:230,get_latest_version
FN:257,new_uuid
FN:265,maybe_start_spinner
FN:278,maybe_stop_spinner
FNF:15
FNDA:1,add_item_to_inbox
FNDA:9,items_for_project
FNDA:0,sections_for_project
FNDA:2,move_item_to_project
FNDA:0,move_item_to_section
FNDA:1,update_item_priority
FNDA:1,update_item_due
FNDA:1,complete_item
FNDA:1,post_todoist_sync
FNDA:2,post_todoist_rest
FNDA:0,get_todoist_rest
FNDA:1,get_latest_version
FNDA:1,new_uuid
FNDA:3,maybe_start_spinner
FNDA:7,maybe_stop_spinner
DA:20,1
DA:27,8
DA:46,1
DA:47,1
DA:48,3
DA:50,2
DA:51,1
DA:55,9
DA:56,9
DA:57,3
DA:58,2
DA:59,4
DA:62,0
DA:63,0
DA:64,8
DA:65,0
DA:69,2
DA:74,4
DA:75,5
DA:76,2
DA:78,3
DA:79,3
DA:82,0
DA:87,0
DA:88,0
DA:90,0
DA:91,0
DA:95,1
DA:96,3
DA:97,2
DA:99,1
DA:101,1
DA:105,1
DA:106,3
DA:107,2
DA:109,1
DA:111,1
DA:114,1
DA:115,3
DA:116,1
DA:118,2
DA:125,1
DA:129,1
DA:142,3
DA:143,2
DA:145,5
DA:146,30
DA:147,5
DA:148,10
DA:149,6
DA:152,14
DA:154,7
DA:156,14
DA:157,7
DA:159,0
DA:164,2
DA:175,2
DA:177,4
DA:178,6
DA:179,2
DA:181,9
DA:182,1
DA:183,1
DA:184,2
DA:185,2
DA:188,4
DA:190,2
DA:192,3
DA:193,1
DA:195,0
DA:201,0
DA:208,0
DA:210,0
DA:211,0
DA:212,0
DA:213,0
DA:214,0
DA:215,0
DA:216,0
DA:218,0
DA:220,0
DA:222,0
DA:223,0
DA:225,0
DA:230,1
DA:233,1
DA:238,2
DA:240,4
DA:241,1
DA:242,1
DA:244,2
DA:246,2
DA:247,3
DA:249,2
DA:250,1
DA:252,3
DA:257,1
DA:259,1
DA:265,3
DA:266,6
DA:267,0
DA:269,4
DA:270,7
DA:271,1
DA:273,0
DA:278,7
DA:279,7
DA:280,7
DA:281,8
LF:109
LH:83
end_of_record
TN:
SF:/home/vardy/dev/tod/src/sections.rs
FN:12,json_to_sections
FNF:1
FNDA:1,json_to_sections
DA:12,1
DA:13,2
DA:14,1
DA:15,1
DA:16,0
LF:5
LH:4
end_of_record
TN:
SF:/home/vardy/dev/tod/src/time.rs
FN:6,now
FN:12,today_string
FN:17,today_date
FN:21,datetime_is_today
FN:25,date_is_today
FN:29,is_date_in_past
FN:33,format_date
FN:41,format_datetime
FN:51,datetime_from_str
FN:66,timezone_from_str
FN:74,date_from_str
FNF:11
FNDA:3,now
FNDA:2,today_string
FNDA:1,today_date
FNDA:1,datetime_is_today
FNDA:1,date_is_today
FNDA:1,is_date_in_past
FNDA:2,format_date
FNDA:1,format_datetime
FNDA:2,datetime_from_str
FNDA:3,timezone_from_str
FNDA:7,date_from_str
DA:6,3
DA:7,3
DA:8,3
DA:12,2
DA:13,2
DA:17,1
DA:18,1
DA:21,1
DA:22,1
DA:25,1
DA:26,3
DA:29,1
DA:30,1
DA:33,2
DA:34,2
DA:35,1
DA:37,1
DA:41,1
DA:42,1
DA:43,1
DA:44,1
DA:46,0
DA:51,2
DA:52,2
DA:53,1
DA:56,1
DA:60,0
DA:63,2
DA:66,3
DA:67,3
DA:68,0
DA:69,9
DA:74,7
DA:75,7
DA:76,14
DA:77,0
DA:79,0
DA:82,0
DA:84,0
DA:86,0
DA:89,7
LF:41
LH:33
end_of_record
